0 info it worked if it ends with ok
1 verbose cli [ '/home/muzammil/.nvm/versions/node/v6.10.0/bin/node',
1 verbose cli   '/home/muzammil/.nvm/versions/node/v6.10.0/bin/npm',
1 verbose cli   'build',
1 verbose cli   'webpack' ]
2 info using npm@3.10.10
3 info using node@v6.10.0
4 info build /home/muzammil/Clive/amz-cen/public/webpack/webpack
5 verbose stack Error: ENOENT: no such file or directory, open '/home/muzammil/Clive/amz-cen/public/webpack/webpack/package.json'
5 verbose stack     at Error (native)
6 verbose cwd /home/muzammil/Clive/amz-cen/public/webpack
7 error Linux 4.4.0-83-generic
8 error argv "/home/muzammil/.nvm/versions/node/v6.10.0/bin/node" "/home/muzammil/.nvm/versions/node/v6.10.0/bin/npm" "build" "webpack"
9 error node v6.10.0
10 error npm  v3.10.10
11 error path /home/muzammil/Clive/amz-cen/public/webpack/webpack/package.json
12 error code ENOENT
13 error errno -2
14 error syscall open
15 error enoent ENOENT: no such file or directory, open '/home/muzammil/Clive/amz-cen/public/webpack/webpack/package.json'
16 error enoent ENOENT: no such file or directory, open '/home/muzammil/Clive/amz-cen/public/webpack/webpack/package.json'
16 error enoent This is most likely not a problem with npm itself
16 error enoent and is related to npm not being able to find a file.
17 verbose exit [ -2, true ]
